\BOOKMARK [0][-]{chapter.1}{Abstract}{}% 1
\BOOKMARK [0][-]{chapter.2}{Introduction}{}% 2
\BOOKMARK [1][-]{section.2.1}{Origin}{chapter.2}% 3
\BOOKMARK [1][-]{section.2.2}{Name}{chapter.2}% 4
\BOOKMARK [1][-]{section.2.3}{Project state}{chapter.2}% 5
\BOOKMARK [0][-]{chapter.3}{Todays Problems}{}% 6
\BOOKMARK [1][-]{section.3.1}{Offline functionality}{chapter.3}% 7
\BOOKMARK [1][-]{section.3.2}{Protocol}{chapter.3}% 8
\BOOKMARK [1][-]{section.3.3}{Permenancy}{chapter.3}% 9
\BOOKMARK [1][-]{section.3.4}{Centralization \046 Proxy}{chapter.3}% 10
\BOOKMARK [1][-]{section.3.5}{Privacy \046 Consumer Protection}{chapter.3}% 11
\BOOKMARK [0][-]{chapter.4}{Functionality}{}% 12
\BOOKMARK [1][-]{section.4.1}{How it works}{chapter.4}% 13
\BOOKMARK [1][-]{section.4.2}{Cryptography}{chapter.4}% 14
\BOOKMARK [1][-]{section.4.3}{Versioning}{chapter.4}% 15
\BOOKMARK [1][-]{section.4.4}{Storage}{chapter.4}% 16
\BOOKMARK [1][-]{section.4.5}{Naming System}{chapter.4}% 17
\BOOKMARK [0][-]{chapter.5}{Who profits}{}% 18
\BOOKMARK [0][-]{chapter.6}{Future}{}% 19
\BOOKMARK [0][-]{chapter.7}{RESEARCH}{}% 20
